<?xml version="1.0" encoding="UTF-8"?>
<coverage generated="1776693514968" clover="3.2.0">
  <project timestamp="1776693514968" name="All files">
    <metrics statements="98" coveredstatements="98" conditionals="34" coveredconditionals="34" methods="34" coveredmethods="34" elements="166" coveredelements="166" complexity="0" loc="98" ncloc="98" packages="3" files="6" classes="6"/>
    <package name="containers">
      <metrics statements="57" coveredstatements="57" conditionals="18" coveredconditionals="18" methods="24" coveredmethods="24"/>
      <file name="create-task.tsx" path="/Users/hoangpham/Hoang/Learning/Project/todo-app/todo-frontend/src/containers/create-task.tsx">
        <metrics statements="16" coveredstatements="16" conditionals="4" coveredconditionals="4" methods="6" coveredmethods="6"/>
        <line num="10" count="1" type="stmt"/>
        <line num="11" count="10" type="stmt"/>
        <line num="17" count="10" type="stmt"/>
        <line num="22" count="10" type="stmt"/>
        <line num="26" count="10" type="stmt"/>
        <line num="27" count="4" type="stmt"/>
        <line num="30" count="10" type="stmt"/>
        <line num="31" count="2" type="stmt"/>
        <line num="34" count="10" type="stmt"/>
        <line num="35" count="1" type="stmt"/>
        <line num="36" count="1" type="stmt"/>
        <line num="38" count="1" type="stmt"/>
        <line num="39" count="1" type="stmt"/>
        <line num="42" count="10" type="stmt"/>
        <line num="44" count="4" type="stmt"/>
        <line num="92" count="1" type="stmt"/>
      </file>
      <file name="pagination.tsx" path="/Users/hoangpham/Hoang/Learning/Project/todo-app/todo-frontend/src/containers/pagination.tsx">
        <metrics statements="9" coveredstatements="9" conditionals="6" coveredconditionals="6" methods="4" coveredmethods="4"/>
        <line num="8" count="1" type="stmt"/>
        <line num="9" count="7" type="stmt"/>
        <line num="10" count="7" type="stmt"/>
        <line num="11" count="2" type="cond" truecount="2" falsecount="0"/>
        <line num="12" count="1" type="stmt"/>
        <line num="15" count="7" type="stmt"/>
        <line num="16" count="2" type="cond" truecount="2" falsecount="0"/>
        <line num="17" count="1" type="stmt"/>
        <line num="20" count="7" type="stmt"/>
      </file>
      <file name="task-detail.tsx" path="/Users/hoangpham/Hoang/Learning/Project/todo-app/todo-frontend/src/containers/task-detail.tsx">
        <metrics statements="10" coveredstatements="10" conditionals="2" coveredconditionals="2" methods="6" coveredmethods="6"/>
        <line num="6" count="1" type="stmt"/>
        <line num="7" count="4" type="stmt"/>
        <line num="8" count="4" type="stmt"/>
        <line num="10" count="4" type="stmt"/>
        <line num="12" count="4" type="stmt"/>
        <line num="13" count="1" type="stmt"/>
        <line num="14" count="1" type="stmt"/>
        <line num="17" count="4" type="stmt"/>
        <line num="39" count="5" type="stmt"/>
        <line num="49" count="1" type="stmt"/>
      </file>
      <file name="update-task.tsx" path="/Users/hoangpham/Hoang/Learning/Project/todo-app/todo-frontend/src/containers/update-task.tsx">
        <metrics statements="22" coveredstatements="22" conditionals="6" coveredconditionals="6" methods="8" coveredmethods="8"/>
        <line num="14" count="1" type="stmt"/>
        <line num="15" count="21" type="stmt"/>
        <line num="16" count="21" type="stmt"/>
        <line num="18" count="21" type="stmt"/>
        <line num="20" count="21" type="stmt"/>
        <line num="24" count="21" type="stmt"/>
        <line num="25" count="5" type="stmt"/>
        <line num="28" count="21" type="stmt"/>
        <line num="29" count="5" type="stmt"/>
        <line num="31" count="5" type="stmt"/>
        <line num="37" count="5" type="stmt"/>
        <line num="40" count="21" type="stmt"/>
        <line num="41" count="2" type="stmt"/>
        <line num="48" count="21" type="stmt"/>
        <line num="51" count="21" type="stmt"/>
        <line num="52" count="1" type="stmt"/>
        <line num="53" count="1" type="stmt"/>
        <line num="54" count="1" type="stmt"/>
        <line num="59" count="1" type="stmt"/>
        <line num="62" count="21" type="stmt"/>
        <line num="64" count="5" type="stmt"/>
        <line num="125" count="1" type="stmt"/>
      </file>
    </package>
    <package name="hooks">
      <metrics statements="34" coveredstatements="34" conditionals="16" coveredconditionals="16" methods="9" coveredmethods="9"/>
      <file name="use-task.ts" path="/Users/hoangpham/Hoang/Learning/Project/todo-app/todo-frontend/src/hooks/use-task.ts">
        <metrics statements="34" coveredstatements="34" conditionals="16" coveredconditionals="16" methods="9" coveredmethods="9"/>
        <line num="12" count="1" type="stmt"/>
        <line num="13" count="4" type="stmt"/>
        <line num="14" count="4" type="stmt"/>
        <line num="15" count="4" type="stmt"/>
        <line num="20" count="1" type="stmt"/>
        <line num="24" count="3" type="cond" truecount="2" falsecount="0"/>
        <line num="28" count="3" type="stmt"/>
        <line num="33" count="4" type="stmt"/>
        <line num="36" count="1" type="stmt"/>
        <line num="37" count="4" type="stmt"/>
        <line num="38" count="4" type="stmt"/>
        <line num="40" count="4" type="stmt"/>
        <line num="41" count="4" type="stmt"/>
        <line num="42" count="4" type="stmt"/>
        <line num="44" count="1" type="stmt"/>
        <line num="50" count="3" type="cond" truecount="2" falsecount="0"/>
        <line num="54" count="3" type="stmt"/>
        <line num="58" count="4" type="stmt"/>
        <line num="61" count="1" type="stmt"/>
        <line num="62" count="4" type="stmt"/>
        <line num="63" count="4" type="stmt"/>
        <line num="64" count="4" type="stmt"/>
        <line num="69" count="1" type="stmt"/>
        <line num="71" count="3" type="cond" truecount="2" falsecount="0"/>
        <line num="75" count="3" type="stmt"/>
        <line num="78" count="4" type="stmt"/>
        <line num="81" count="1" type="stmt"/>
        <line num="82" count="4" type="stmt"/>
        <line num="83" count="4" type="stmt"/>
        <line num="84" count="4" type="stmt"/>
        <line num="86" count="1" type="stmt"/>
        <line num="88" count="3" type="cond" truecount="2" falsecount="0"/>
        <line num="91" count="3" type="stmt"/>
        <line num="94" count="4" type="stmt"/>
      </file>
    </package>
    <package name="utils">
      <metrics statements="7" coveredstatements="7" conditionals="0" coveredconditionals="0" methods="1" coveredmethods="1"/>
      <file name="taskSchema.ts" path="/Users/hoangpham/Hoang/Learning/Project/todo-app/todo-frontend/src/utils/taskSchema.ts">
        <metrics statements="7" coveredstatements="7" conditionals="0" coveredconditionals="0" methods="1" coveredmethods="1"/>
        <line num="3" count="3" type="stmt"/>
        <line num="7" count="3" type="stmt"/>
        <line num="14" count="10" type="stmt"/>
        <line num="15" count="10" type="stmt"/>
        <line num="16" count="10" type="stmt"/>
        <line num="17" count="10" type="stmt"/>
        <line num="20" count="3" type="stmt"/>
      </file>
    </package>
  </project>
</coverage>
