{"/Users/hoangpham/Hoang/Learning/Project/todo-app/todo-frontend/src/containers/create-task.tsx": {"path":"/Users/hoangpham/Hoang/Learning/Project/todo-app/todo-frontend/src/containers/create-task.tsx","statementMap":{"0":{"start":{"line":10,"column":13},"end":{"line":101,"column":null}},"1":{"start":{"line":11,"column":10},"end":{"line":11,"column":46}},"2":{"start":{"line":17,"column":17},"end":{"line":20,"column":4}},"3":{"start":{"line":22,"column":26},"end":{"line":23,"column":null}},"4":{"start":{"line":26,"column":8},"end":{"line":27,"column":null}},"5":{"start":{"line":27,"column":4},"end":{"line":27,"column":null}},"6":{"start":{"line":30,"column":8},"end":{"line":31,"column":null}},"7":{"start":{"line":31,"column":4},"end":{"line":31,"column":null}},"8":{"start":{"line":34,"column":19},"end":{"line":39,"column":null}},"9":{"start":{"line":35,"column":4},"end":{"line":35,"column":null}},"10":{"start":{"line":36,"column":4},"end":{"line":36,"column":null}},"11":{"start":{"line":38,"column":4},"end":{"line":38,"column":null}},"12":{"start":{"line":39,"column":4},"end":{"line":39,"column":null}},"13":{"start":{"line":42,"column":2},"end":{"line":101,"column":null}},"14":{"start":{"line":44,"column":45},"end":{"line":44,"column":56}},"15":{"start":{"line":92,"column":33},"end":{"line":92,"column":45}}},"fnMap":{"0":{"name":"(anonymous_0)","decl":{"start":{"line":10,"column":13},"end":{"line":10,"column":27}},"loc":{"start":{"line":10,"column":62},"end":{"line":101,"column":null}},"line":10},"1":{"name":"(anonymous_1)","decl":{"start":{"line":26,"column":8},"end":{"line":26,"column":26}},"loc":{"start":{"line":26,"column":26},"end":{"line":27,"column":null}},"line":26},"2":{"name":"(anonymous_2)","decl":{"start":{"line":30,"column":8},"end":{"line":30,"column":27}},"loc":{"start":{"line":30,"column":27},"end":{"line":31,"column":null}},"line":30},"3":{"name":"(anonymous_3)","decl":{"start":{"line":34,"column":19},"end":{"line":34,"column":26}},"loc":{"start":{"line":34,"column":54},"end":{"line":39,"column":null}},"line":34},"4":{"name":"(anonymous_4)","decl":{"start":{"line":44,"column":30},"end":{"line":44,"column":45}},"loc":{"start":{"line":44,"column":45},"end":{"line":44,"column":56}},"line":44},"5":{"name":"(anonymous_5)","decl":{"start":{"line":92,"column":18},"end":{"line":92,"column":33}},"loc":{"start":{"line":92,"column":33},"end":{"line":92,"column":45}},"line":92}},"branchMap":{"0":{"loc":{"start":{"line":68,"column":15},"end":{"line":69,"column":null}},"type":"binary-expr","locations":[{"start":{"line":68,"column":15},"end":{"line":68,"column":null}},{"start":{"line":69,"column":16},"end":{"line":69,"column":null}}],"line":68},"1":{"loc":{"start":{"line":83,"column":15},"end":{"line":84,"column":null}},"type":"binary-expr","locations":[{"start":{"line":83,"column":15},"end":{"line":83,"column":null}},{"start":{"line":84,"column":16},"end":{"line":84,"column":null}}],"line":83}},"s":{"0":1,"1":10,"2":10,"3":10,"4":10,"5":4,"6":10,"7":2,"8":10,"9":1,"10":1,"11":1,"12":1,"13":10,"14":4,"15":1},"f":{"0":10,"1":4,"2":2,"3":1,"4":4,"5":1},"b":{"0":[10,1],"1":[10,1]},"meta":{"lastBranch":2,"lastFunction":6,"lastStatement":16,"seen":{"s:10:13:101:Infinity":0,"f:10:13:10:27":0,"s:11:10:11:46":1,"s:17:17:20:4":2,"s:22:26:23:Infinity":3,"s:26:8:27:Infinity":4,"f:26:8:26:26":1,"s:27:4:27:Infinity":5,"s:30:8:31:Infinity":6,"f:30:8:30:27":2,"s:31:4:31:Infinity":7,"s:34:19:39:Infinity":8,"f:34:19:34:26":3,"s:35:4:35:Infinity":9,"s:36:4:36:Infinity":10,"s:38:4:38:Infinity":11,"s:39:4:39:Infinity":12,"s:42:2:101:Infinity":13,"f:44:30:44:45":4,"s:44:45:44:56":14,"b:68:15:68:Infinity:69:16:69:Infinity":0,"b:83:15:83:Infinity:84:16:84:Infinity":1,"f:92:18:92:33":5,"s:92:33:92:45":15}}}
,"/Users/hoangpham/Hoang/Learning/Project/todo-app/todo-frontend/src/containers/pagination.tsx": {"path":"/Users/hoangpham/Hoang/Learning/Project/todo-app/todo-frontend/src/containers/pagination.tsx","statementMap":{"0":{"start":{"line":8,"column":13},"end":{"line":39,"column":null}},"1":{"start":{"line":9,"column":8},"end":{"line":9,"column":62}},"2":{"start":{"line":9,"column":45},"end":{"line":9,"column":62}},"3":{"start":{"line":10,"column":8},"end":{"line":12,"column":null}},"4":{"start":{"line":11,"column":4},"end":{"line":11,"column":null}},"5":{"start":{"line":11,"column":19},"end":{"line":11,"column":null}},"6":{"start":{"line":12,"column":4},"end":{"line":12,"column":null}},"7":{"start":{"line":15,"column":8},"end":{"line":17,"column":null}},"8":{"start":{"line":16,"column":4},"end":{"line":16,"column":null}},"9":{"start":{"line":16,"column":28},"end":{"line":16,"column":null}},"10":{"start":{"line":17,"column":4},"end":{"line":17,"column":null}},"11":{"start":{"line":20,"column":2},"end":{"line":39,"column":null}}},"fnMap":{"0":{"name":"(anonymous_0)","decl":{"start":{"line":8,"column":13},"end":{"line":8,"column":27}},"loc":{"start":{"line":8,"column":66},"end":{"line":39,"column":null}},"line":8},"1":{"name":"(anonymous_1)","decl":{"start":{"line":9,"column":21},"end":{"line":9,"column":35}},"loc":{"start":{"line":9,"column":45},"end":{"line":9,"column":62}},"line":9},"2":{"name":"(anonymous_2)","decl":{"start":{"line":10,"column":8},"end":{"line":10,"column":27}},"loc":{"start":{"line":10,"column":27},"end":{"line":12,"column":null}},"line":10},"3":{"name":"(anonymous_3)","decl":{"start":{"line":15,"column":8},"end":{"line":15,"column":27}},"loc":{"start":{"line":15,"column":27},"end":{"line":17,"column":null}},"line":15}},"branchMap":{"0":{"loc":{"start":{"line":11,"column":4},"end":{"line":11,"column":null}},"type":"if","locations":[{"start":{"line":11,"column":4},"end":{"line":11,"column":null}},{"start":{},"end":{}}],"line":11},"1":{"loc":{"start":{"line":16,"column":4},"end":{"line":16,"column":null}},"type":"if","locations":[{"start":{"line":16,"column":4},"end":{"line":16,"column":null}},{"start":{},"end":{}}],"line":16},"2":{"loc":{"start":{"line":34,"column":20},"end":{"line":34,"column":null}},"type":"binary-expr","locations":[{"start":{"line":34,"column":20},"end":{"line":34,"column":43}},{"start":{"line":34,"column":43},"end":{"line":34,"column":null}}],"line":34}},"s":{"0":1,"1":7,"2":7,"3":7,"4":2,"5":1,"6":1,"7":7,"8":2,"9":1,"10":1,"11":7},"f":{"0":7,"1":7,"2":2,"3":2},"b":{"0":[1,1],"1":[1,1],"2":[7,6]},"meta":{"lastBranch":3,"lastFunction":4,"lastStatement":12,"seen":{"s:8:13:39:Infinity":0,"f:8:13:8:27":0,"s:9:8:9:62":1,"f:9:21:9:35":1,"s:9:45:9:62":2,"s:10:8:12:Infinity":3,"f:10:8:10:27":2,"b:11:4:11:Infinity:undefined:undefined:undefined:undefined":0,"s:11:4:11:Infinity":4,"s:11:19:11:Infinity":5,"s:12:4:12:Infinity":6,"s:15:8:17:Infinity":7,"f:15:8:15:27":3,"b:16:4:16:Infinity:undefined:undefined:undefined:undefined":1,"s:16:4:16:Infinity":8,"s:16:28:16:Infinity":9,"s:17:4:17:Infinity":10,"s:20:2:39:Infinity":11,"b:34:20:34:43:34:43:34:Infinity":2}}}
,"/Users/hoangpham/Hoang/Learning/Project/todo-app/todo-frontend/src/containers/task-detail.tsx": {"path":"/Users/hoangpham/Hoang/Learning/Project/todo-app/todo-frontend/src/containers/task-detail.tsx","statementMap":{"0":{"start":{"line":6,"column":13},"end":{"line":60,"column":null}},"1":{"start":{"line":7,"column":8},"end":{"line":7,"column":52}},"2":{"start":{"line":7,"column":40},"end":{"line":7,"column":52}},"3":{"start":{"line":8,"column":8},"end":{"line":8,"column":69}},"4":{"start":{"line":8,"column":52},"end":{"line":8,"column":69}},"5":{"start":{"line":10,"column":10},"end":{"line":10,"column":46}},"6":{"start":{"line":12,"column":8},"end":{"line":14,"column":null}},"7":{"start":{"line":13,"column":4},"end":{"line":13,"column":null}},"8":{"start":{"line":14,"column":4},"end":{"line":14,"column":null}},"9":{"start":{"line":17,"column":2},"end":{"line":60,"column":null}},"10":{"start":{"line":39,"column":16},"end":{"line":54,"column":null}},"11":{"start":{"line":49,"column":37},"end":{"line":49,"column":55}}},"fnMap":{"0":{"name":"(anonymous_0)","decl":{"start":{"line":6,"column":13},"end":{"line":6,"column":32}},"loc":{"start":{"line":6,"column":32},"end":{"line":60,"column":null}},"line":6},"1":{"name":"(anonymous_1)","decl":{"start":{"line":7,"column":16},"end":{"line":7,"column":30}},"loc":{"start":{"line":7,"column":40},"end":{"line":7,"column":52}},"line":7},"2":{"name":"(anonymous_2)","decl":{"start":{"line":8,"column":28},"end":{"line":8,"column":42}},"loc":{"start":{"line":8,"column":52},"end":{"line":8,"column":69}},"line":8},"3":{"name":"(anonymous_3)","decl":{"start":{"line":12,"column":8},"end":{"line":12,"column":24}},"loc":{"start":{"line":12,"column":43},"end":{"line":14,"column":null}},"line":12},"4":{"name":"(anonymous_4)","decl":{"start":{"line":38,"column":20},"end":{"line":38,"column":25}},"loc":{"start":{"line":39,"column":16},"end":{"line":54,"column":null}},"line":39},"5":{"name":"(anonymous_5)","decl":{"start":{"line":49,"column":22},"end":{"line":49,"column":37}},"loc":{"start":{"line":49,"column":37},"end":{"line":49,"column":55}},"line":49}},"branchMap":{"0":{"loc":{"start":{"line":31,"column":13},"end":{"line":54,"column":null}},"type":"cond-expr","locations":[{"start":{"line":32,"column":14},"end":{"line":38,"column":20}},{"start":{"line":38,"column":14},"end":{"line":54,"column":null}}],"line":31}},"s":{"0":1,"1":4,"2":4,"3":4,"4":4,"5":4,"6":4,"7":1,"8":1,"9":4,"10":5,"11":1},"f":{"0":4,"1":4,"2":4,"3":1,"4":5,"5":1},"b":{"0":[1,3]},"meta":{"lastBranch":1,"lastFunction":6,"lastStatement":12,"seen":{"s:6:13:60:Infinity":0,"f:6:13:6:32":0,"s:7:8:7:52":1,"f:7:16:7:30":1,"s:7:40:7:52":2,"s:8:8:8:69":3,"f:8:28:8:42":2,"s:8:52:8:69":4,"s:10:10:10:46":5,"s:12:8:14:Infinity":6,"f:12:8:12:24":3,"s:13:4:13:Infinity":7,"s:14:4:14:Infinity":8,"s:17:2:60:Infinity":9,"b:32:14:38:20:38:14:54:Infinity":0,"f:38:20:38:25":4,"s:39:16:54:Infinity":10,"f:49:22:49:37":5,"s:49:37:49:55":11}}}
,"/Users/hoangpham/Hoang/Learning/Project/todo-app/todo-frontend/src/containers/update-task.tsx": {"path":"/Users/hoangpham/Hoang/Learning/Project/todo-app/todo-frontend/src/containers/update-task.tsx","statementMap":{"0":{"start":{"line":14,"column":13},"end":{"line":134,"column":null}},"1":{"start":{"line":15,"column":25},"end":{"line":15,"column":58}},"2":{"start":{"line":16,"column":10},"end":{"line":16,"column":46}},"3":{"start":{"line":18,"column":8},"end":{"line":18,"column":69}},"4":{"start":{"line":18,"column":52},"end":{"line":18,"column":69}},"5":{"start":{"line":20,"column":26},"end":{"line":21,"column":null}},"6":{"start":{"line":24,"column":8},"end":{"line":25,"column":null}},"7":{"start":{"line":25,"column":4},"end":{"line":25,"column":null}},"8":{"start":{"line":28,"column":8},"end":{"line":37,"column":null}},"9":{"start":{"line":29,"column":4},"end":{"line":29,"column":null}},"10":{"start":{"line":31,"column":4},"end":{"line":36,"column":null}},"11":{"start":{"line":37,"column":4},"end":{"line":37,"column":null}},"12":{"start":{"line":40,"column":8},"end":{"line":41,"column":null}},"13":{"start":{"line":41,"column":4},"end":{"line":41,"column":null}},"14":{"start":{"line":48,"column":17},"end":{"line":49,"column":77}},"15":{"start":{"line":51,"column":19},"end":{"line":59,"column":null}},"16":{"start":{"line":52,"column":4},"end":{"line":52,"column":null}},"17":{"start":{"line":53,"column":4},"end":{"line":53,"column":null}},"18":{"start":{"line":54,"column":4},"end":{"line":57,"column":null}},"19":{"start":{"line":59,"column":4},"end":{"line":59,"column":null}},"20":{"start":{"line":62,"column":2},"end":{"line":134,"column":null}},"21":{"start":{"line":64,"column":58},"end":{"line":64,"column":76}},"22":{"start":{"line":125,"column":33},"end":{"line":125,"column":45}}},"fnMap":{"0":{"name":"(anonymous_0)","decl":{"start":{"line":14,"column":13},"end":{"line":14,"column":27}},"loc":{"start":{"line":14,"column":57},"end":{"line":134,"column":null}},"line":14},"1":{"name":"(anonymous_1)","decl":{"start":{"line":18,"column":28},"end":{"line":18,"column":42}},"loc":{"start":{"line":18,"column":52},"end":{"line":18,"column":69}},"line":18},"2":{"name":"(anonymous_2)","decl":{"start":{"line":24,"column":8},"end":{"line":24,"column":26}},"loc":{"start":{"line":24,"column":26},"end":{"line":25,"column":null}},"line":24},"3":{"name":"(anonymous_3)","decl":{"start":{"line":28,"column":8},"end":{"line":28,"column":24}},"loc":{"start":{"line":28,"column":40},"end":{"line":37,"column":null}},"line":28},"4":{"name":"(anonymous_4)","decl":{"start":{"line":40,"column":8},"end":{"line":40,"column":27}},"loc":{"start":{"line":40,"column":27},"end":{"line":41,"column":null}},"line":40},"5":{"name":"(anonymous_5)","decl":{"start":{"line":51,"column":19},"end":{"line":51,"column":26}},"loc":{"start":{"line":51,"column":54},"end":{"line":59,"column":null}},"line":51},"6":{"name":"(anonymous_6)","decl":{"start":{"line":64,"column":43},"end":{"line":64,"column":58}},"loc":{"start":{"line":64,"column":58},"end":{"line":64,"column":76}},"line":64},"7":{"name":"(anonymous_7)","decl":{"start":{"line":125,"column":18},"end":{"line":125,"column":33}},"loc":{"start":{"line":125,"column":33},"end":{"line":125,"column":45}},"line":125}},"branchMap":{"0":{"loc":{"start":{"line":33,"column":19},"end":{"line":33,"column":null}},"type":"binary-expr","locations":[{"start":{"line":33,"column":19},"end":{"line":33,"column":39}},{"start":{"line":33,"column":39},"end":{"line":33,"column":null}}],"line":33},"1":{"loc":{"start":{"line":88,"column":15},"end":{"line":89,"column":null}},"type":"binary-expr","locations":[{"start":{"line":88,"column":15},"end":{"line":88,"column":null}},{"start":{"line":89,"column":16},"end":{"line":89,"column":null}}],"line":88},"2":{"loc":{"start":{"line":116,"column":15},"end":{"line":117,"column":null}},"type":"binary-expr","locations":[{"start":{"line":116,"column":15},"end":{"line":116,"column":null}},{"start":{"line":117,"column":16},"end":{"line":117,"column":null}}],"line":116}},"s":{"0":1,"1":21,"2":21,"3":21,"4":21,"5":21,"6":21,"7":5,"8":21,"9":5,"10":5,"11":5,"12":21,"13":2,"14":21,"15":21,"16":1,"17":1,"18":1,"19":1,"20":21,"21":5,"22":1},"f":{"0":21,"1":21,"2":5,"3":5,"4":2,"5":1,"6":5,"7":1},"b":{"0":[5,5],"1":[21,1],"2":[21,2]},"meta":{"lastBranch":3,"lastFunction":8,"lastStatement":23,"seen":{"s:14:13:134:Infinity":0,"f:14:13:14:27":0,"s:15:25:15:58":1,"s:16:10:16:46":2,"s:18:8:18:69":3,"f:18:28:18:42":1,"s:18:52:18:69":4,"s:20:26:21:Infinity":5,"s:24:8:25:Infinity":6,"f:24:8:24:26":2,"s:25:4:25:Infinity":7,"s:28:8:37:Infinity":8,"f:28:8:28:24":3,"s:29:4:29:Infinity":9,"s:31:4:36:Infinity":10,"b:33:19:33:39:33:39:33:Infinity":0,"s:37:4:37:Infinity":11,"s:40:8:41:Infinity":12,"f:40:8:40:27":4,"s:41:4:41:Infinity":13,"s:48:17:49:77":14,"s:51:19:59:Infinity":15,"f:51:19:51:26":5,"s:52:4:52:Infinity":16,"s:53:4:53:Infinity":17,"s:54:4:57:Infinity":18,"s:59:4:59:Infinity":19,"s:62:2:134:Infinity":20,"f:64:43:64:58":6,"s:64:58:64:76":21,"b:88:15:88:Infinity:89:16:89:Infinity":1,"b:116:15:116:Infinity:117:16:117:Infinity":2,"f:125:18:125:33":7,"s:125:33:125:45":22}}}
,"/Users/hoangpham/Hoang/Learning/Project/todo-app/todo-frontend/src/hooks/use-task.ts": {"path":"/Users/hoangpham/Hoang/Learning/Project/todo-app/todo-frontend/src/hooks/use-task.ts","statementMap":{"0":{"start":{"line":12,"column":13},"end":{"line":33,"column":null}},"1":{"start":{"line":13,"column":27},"end":{"line":30,"column":null}},"2":{"start":{"line":14,"column":4},"end":{"line":30,"column":null}},"3":{"start":{"line":15,"column":6},"end":{"line":18,"column":null}},"4":{"start":{"line":20,"column":6},"end":{"line":22,"column":null}},"5":{"start":{"line":24,"column":25},"end":{"line":26,"column":null}},"6":{"start":{"line":28,"column":6},"end":{"line":30,"column":null}},"7":{"start":{"line":33,"column":2},"end":{"line":33,"column":null}},"8":{"start":{"line":36,"column":13},"end":{"line":58,"column":null}},"9":{"start":{"line":37,"column":20},"end":{"line":37,"column":null}},"10":{"start":{"line":38,"column":8},"end":{"line":38,"column":58}},"11":{"start":{"line":38,"column":43},"end":{"line":38,"column":58}},"12":{"start":{"line":40,"column":27},"end":{"line":54,"column":null}},"13":{"start":{"line":41,"column":4},"end":{"line":54,"column":null}},"14":{"start":{"line":42,"column":18},"end":{"line":42,"column":65}},"15":{"start":{"line":44,"column":6},"end":{"line":48,"column":null}},"16":{"start":{"line":50,"column":25},"end":{"line":52,"column":null}},"17":{"start":{"line":54,"column":6},"end":{"line":54,"column":null}},"18":{"start":{"line":58,"column":2},"end":{"line":58,"column":null}},"19":{"start":{"line":61,"column":13},"end":{"line":78,"column":null}},"20":{"start":{"line":62,"column":27},"end":{"line":75,"column":null}},"21":{"start":{"line":63,"column":4},"end":{"line":75,"column":null}},"22":{"start":{"line":64,"column":6},"end":{"line":67,"column":null}},"23":{"start":{"line":69,"column":6},"end":{"line":69,"column":null}},"24":{"start":{"line":71,"column":25},"end":{"line":73,"column":null}},"25":{"start":{"line":75,"column":6},"end":{"line":75,"column":null}},"26":{"start":{"line":78,"column":2},"end":{"line":78,"column":null}},"27":{"start":{"line":81,"column":13},"end":{"line":94,"column":null}},"28":{"start":{"line":82,"column":27},"end":{"line":91,"column":null}},"29":{"start":{"line":83,"column":4},"end":{"line":91,"column":null}},"30":{"start":{"line":84,"column":6},"end":{"line":84,"column":null}},"31":{"start":{"line":86,"column":6},"end":{"line":86,"column":null}},"32":{"start":{"line":88,"column":25},"end":{"line":90,"column":null}},"33":{"start":{"line":91,"column":6},"end":{"line":91,"column":null}},"34":{"start":{"line":94,"column":2},"end":{"line":94,"column":null}}},"fnMap":{"0":{"name":"(anonymous_0)","decl":{"start":{"line":12,"column":13},"end":{"line":12,"column":35}},"loc":{"start":{"line":12,"column":35},"end":{"line":33,"column":null}},"line":12},"1":{"name":"(anonymous_1)","decl":{"start":{"line":13,"column":27},"end":{"line":13,"column":34}},"loc":{"start":{"line":13,"column":62},"end":{"line":30,"column":null}},"line":13},"2":{"name":"(anonymous_2)","decl":{"start":{"line":36,"column":13},"end":{"line":36,"column":35}},"loc":{"start":{"line":36,"column":35},"end":{"line":58,"column":null}},"line":36},"3":{"name":"(anonymous_3)","decl":{"start":{"line":38,"column":19},"end":{"line":38,"column":33}},"loc":{"start":{"line":38,"column":43},"end":{"line":38,"column":58}},"line":38},"4":{"name":"(anonymous_4)","decl":{"start":{"line":40,"column":27},"end":{"line":40,"column":34}},"loc":{"start":{"line":40,"column":58},"end":{"line":54,"column":null}},"line":40},"5":{"name":"(anonymous_5)","decl":{"start":{"line":61,"column":13},"end":{"line":61,"column":35}},"loc":{"start":{"line":61,"column":35},"end":{"line":78,"column":null}},"line":61},"6":{"name":"(anonymous_6)","decl":{"start":{"line":62,"column":27},"end":{"line":62,"column":34}},"loc":{"start":{"line":62,"column":74},"end":{"line":75,"column":null}},"line":62},"7":{"name":"(anonymous_7)","decl":{"start":{"line":81,"column":13},"end":{"line":81,"column":35}},"loc":{"start":{"line":81,"column":35},"end":{"line":94,"column":null}},"line":81},"8":{"name":"(anonymous_8)","decl":{"start":{"line":82,"column":27},"end":{"line":82,"column":34}},"loc":{"start":{"line":82,"column":49},"end":{"line":91,"column":null}},"line":82}},"branchMap":{"0":{"loc":{"start":{"line":24,"column":25},"end":{"line":26,"column":null}},"type":"cond-expr","locations":[{"start":{"line":25,"column":10},"end":{"line":25,"column":null}},{"start":{"line":26,"column":10},"end":{"line":26,"column":null}}],"line":24},"1":{"loc":{"start":{"line":25,"column":10},"end":{"line":25,"column":null}},"type":"binary-expr","locations":[{"start":{"line":25,"column":10},"end":{"line":25,"column":43}},{"start":{"line":25,"column":43},"end":{"line":25,"column":null}}],"line":25},"2":{"loc":{"start":{"line":50,"column":25},"end":{"line":52,"column":null}},"type":"cond-expr","locations":[{"start":{"line":51,"column":10},"end":{"line":51,"column":null}},{"start":{"line":52,"column":10},"end":{"line":52,"column":null}}],"line":50},"3":{"loc":{"start":{"line":51,"column":10},"end":{"line":51,"column":null}},"type":"binary-expr","locations":[{"start":{"line":51,"column":10},"end":{"line":51,"column":43}},{"start":{"line":51,"column":43},"end":{"line":51,"column":null}}],"line":51},"4":{"loc":{"start":{"line":71,"column":25},"end":{"line":73,"column":null}},"type":"cond-expr","locations":[{"start":{"line":72,"column":10},"end":{"line":72,"column":null}},{"start":{"line":73,"column":10},"end":{"line":73,"column":null}}],"line":71},"5":{"loc":{"start":{"line":72,"column":10},"end":{"line":72,"column":null}},"type":"binary-expr","locations":[{"start":{"line":72,"column":10},"end":{"line":72,"column":43}},{"start":{"line":72,"column":43},"end":{"line":72,"column":null}}],"line":72},"6":{"loc":{"start":{"line":88,"column":25},"end":{"line":90,"column":null}},"type":"cond-expr","locations":[{"start":{"line":89,"column":10},"end":{"line":89,"column":null}},{"start":{"line":90,"column":10},"end":{"line":90,"column":null}}],"line":88},"7":{"loc":{"start":{"line":89,"column":10},"end":{"line":89,"column":null}},"type":"binary-expr","locations":[{"start":{"line":89,"column":10},"end":{"line":89,"column":43}},{"start":{"line":89,"column":43},"end":{"line":89,"column":null}}],"line":89}},"s":{"0":1,"1":4,"2":4,"3":4,"4":1,"5":3,"6":3,"7":4,"8":1,"9":4,"10":4,"11":4,"12":4,"13":4,"14":4,"15":1,"16":3,"17":3,"18":4,"19":1,"20":4,"21":4,"22":4,"23":1,"24":3,"25":3,"26":4,"27":1,"28":4,"29":4,"30":4,"31":1,"32":3,"33":3,"34":4},"f":{"0":4,"1":4,"2":4,"3":4,"4":4,"5":4,"6":4,"7":4,"8":4},"b":{"0":[2,1],"1":[2,1],"2":[2,1],"3":[2,1],"4":[2,1],"5":[2,1],"6":[2,1],"7":[2,1]},"meta":{"lastBranch":8,"lastFunction":9,"lastStatement":35,"seen":{"s:12:13:33:Infinity":0,"f:12:13:12:35":0,"s:13:27:30:Infinity":1,"f:13:27:13:34":1,"s:14:4:30:Infinity":2,"s:15:6:18:Infinity":3,"s:20:6:22:Infinity":4,"s:24:25:26:Infinity":5,"b:25:10:25:Infinity:26:10:26:Infinity":0,"b:25:10:25:43:25:43:25:Infinity":1,"s:28:6:30:Infinity":6,"s:33:2:33:Infinity":7,"s:36:13:58:Infinity":8,"f:36:13:36:35":2,"s:37:20:37:Infinity":9,"s:38:8:38:58":10,"f:38:19:38:33":3,"s:38:43:38:58":11,"s:40:27:54:Infinity":12,"f:40:27:40:34":4,"s:41:4:54:Infinity":13,"s:42:18:42:65":14,"s:44:6:48:Infinity":15,"s:50:25:52:Infinity":16,"b:51:10:51:Infinity:52:10:52:Infinity":2,"b:51:10:51:43:51:43:51:Infinity":3,"s:54:6:54:Infinity":17,"s:58:2:58:Infinity":18,"s:61:13:78:Infinity":19,"f:61:13:61:35":5,"s:62:27:75:Infinity":20,"f:62:27:62:34":6,"s:63:4:75:Infinity":21,"s:64:6:67:Infinity":22,"s:69:6:69:Infinity":23,"s:71:25:73:Infinity":24,"b:72:10:72:Infinity:73:10:73:Infinity":4,"b:72:10:72:43:72:43:72:Infinity":5,"s:75:6:75:Infinity":25,"s:78:2:78:Infinity":26,"s:81:13:94:Infinity":27,"f:81:13:81:35":7,"s:82:27:91:Infinity":28,"f:82:27:82:34":8,"s:83:4:91:Infinity":29,"s:84:6:84:Infinity":30,"s:86:6:86:Infinity":31,"s:88:25:90:Infinity":32,"b:89:10:89:Infinity:90:10:90:Infinity":6,"b:89:10:89:43:89:43:89:Infinity":7,"s:91:6:91:Infinity":33,"s:94:2:94:Infinity":34}}}
,"/Users/hoangpham/Hoang/Learning/Project/todo-app/todo-frontend/src/utils/taskSchema.ts": {"path":"/Users/hoangpham/Hoang/Learning/Project/todo-app/todo-frontend/src/utils/taskSchema.ts","statementMap":{"0":{"start":{"line":3,"column":22},"end":{"line":5,"column":2}},"1":{"start":{"line":7,"column":32},"end":{"line":19,"column":2}},"2":{"start":{"line":14,"column":24},"end":{"line":14,"column":41}},"3":{"start":{"line":15,"column":20},"end":{"line":15,"column":30}},"4":{"start":{"line":16,"column":6},"end":{"line":16,"column":null}},"5":{"start":{"line":17,"column":6},"end":{"line":17,"column":null}},"6":{"start":{"line":20,"column":32},"end":{"line":22,"column":2}}},"fnMap":{"0":{"name":"(anonymous_0)","decl":{"start":{"line":13,"column":5},"end":{"line":13,"column":13}},"loc":{"start":{"line":13,"column":25},"end":{"line":18,"column":null}},"line":13}},"branchMap":{},"s":{"0":3,"1":3,"2":10,"3":10,"4":10,"5":10,"6":3},"f":{"0":10},"b":{},"meta":{"lastBranch":0,"lastFunction":1,"lastStatement":7,"seen":{"s:3:22:5:2":0,"s:7:32:19:2":1,"f:13:5:13:13":0,"s:14:24:14:41":2,"s:15:20:15:30":3,"s:16:6:16:Infinity":4,"s:17:6:17:Infinity":5,"s:20:32:22:2":6}}}
}
